\BOOKMARK [0][-]{chapter*.2}{Introduction}{}% 1
\BOOKMARK [0][-]{chapter.1}{Vector field equilibrium points}{}% 2
\BOOKMARK [1][-]{section.1.1}{Stability in the Lyapunov sense and asymptotic stability}{chapter.1}% 3
\BOOKMARK [1][-]{section.1.2}{Hyperbolicity}{chapter.1}% 4
\BOOKMARK [0][-]{chapter.2}{Phase portraits of autonomous vector fields}{}% 5
\BOOKMARK [1][-]{section.2.1}{Periodic solutions}{chapter.2}% 6
\BOOKMARK [1][-]{section.2.2}{Poincar\351-Bendixson criterion}{chapter.2}% 7
\BOOKMARK [1][-]{section.2.3}{Dulac's criterion}{chapter.2}% 8
\BOOKMARK [1][-]{section.2.4}{Drawing phase portraits on the plane}{chapter.2}% 9
\BOOKMARK [2][-]{subsection.2.4.1}{Singular points}{section.2.4}% 10
\BOOKMARK [2][-]{subsection.2.4.2}{Closed phase curves}{section.2.4}% 11
\BOOKMARK [2][-]{subsection.2.4.3}{Separatrix of singular points}{section.2.4}% 12
\BOOKMARK [2][-]{subsection.2.4.4}{Behavior on infinity}{section.2.4}% 13
\BOOKMARK [2][-]{subsection.2.4.5}{Orbital equivalence}{section.2.4}% 14
\BOOKMARK [0][-]{chapter.3}{Bifurcation theory}{}% 15
\BOOKMARK [1][-]{section.3.1}{Versality}{chapter.3}% 16
\BOOKMARK [1][-]{section.3.2}{Transversality}{chapter.3}% 17
\BOOKMARK [1][-]{section.3.3}{Codimension 1 bifurcations}{chapter.3}% 18
\BOOKMARK [2][-]{subsection.3.3.1}{Reduction to center manifold and Poincar\351-Dulac normal form}{section.3.3}% 19
\BOOKMARK [2][-]{subsection.3.3.2}{Saddle-node bifurcation}{section.3.3}% 20
\BOOKMARK [2][-]{subsection.3.3.3}{Andronov-Hopf bifurcation}{section.3.3}% 21
\BOOKMARK [2][-]{subsection.3.3.4}{Limit cycle bifurcations}{section.3.3}% 22
\BOOKMARK [0][-]{chapter.4}{Equations with a small parameter}{}% 23
\BOOKMARK [1][-]{section.4.1}{Averaging}{chapter.4}% 24
\BOOKMARK [1][-]{section.4.2}{KAM Theory}{chapter.4}% 25
\BOOKMARK [1][-]{section.4.3}{Relaxation oscillations \(slow-fast systems\)}{chapter.4}% 26
\BOOKMARK [2][-]{subsection.4.3.1}{Approaching to the slow surface}{section.4.3}% 27
\BOOKMARK [2][-]{subsection.4.3.2}{Movement along the slow surface}{section.4.3}% 28
\BOOKMARK [2][-]{subsection.4.3.3}{Movement in the transition area}{section.4.3}% 29
\BOOKMARK [0][-]{chapter.5}{Chaotic dynamics in differential equations}{}% 30
\BOOKMARK [1][-]{section.5.1}{Introduction to chaos theory and one example}{chapter.5}% 31
\BOOKMARK [1][-]{section.5.2}{The Smale horseshoe map, Anosov diffeomorphisms and attractors}{chapter.5}% 32
\BOOKMARK [0][-]{chapter.6}{Appendix. Basic concepts and theorems of the ODEs theory}{}% 33
\BOOKMARK [1][-]{section.6.1}{Definitions}{chapter.6}% 34
\BOOKMARK [1][-]{section.6.2}{Theorems}{chapter.6}% 35
\BOOKMARK [1][-]{section.6.3}{Methods of solving}{chapter.6}% 36
\BOOKMARK [1][-]{section.6.4}{Linear systems and equations}{chapter.6}% 37
\BOOKMARK [0][-]{chapter*.16}{Bibliography}{}% 38
